<?xml version="1.0" encoding="UTF-8"?>
<testsuite xmlns:xsi="http://www.w3.org/2001/XMLSchema-instance" xsi:noNamespaceSchemaLocation="https://maven.apache.org/surefire/maven-surefire-plugin/xsd/surefire-test-report.xsd" name="com.arcompany.maven.ArchivoTest" time="0.144" tests="2" errors="0" skipped="0" failures="0">
  <properties>
[...]
</properties>
  <testcase name="testFindAll" classname="com.arcompany.maven.ArchivoTest" time="0.096"/>
  <testcase name="testCreate" classname="com.arcompany.maven.ArchivoTest" time="0.012"/>
</testsuite>